<?xml version="1.0" encoding="UTF-8"?>
<testng-results ignored="0" total="3" passed="3" failed="0" skipped="0">
  <reporter-output>
  </reporter-output>
  <suite started-at="2025-02-15T16:50:11Z" name="RegressionAutomatedQA" finished-at="2025-02-15T16:50:14Z" duration-ms="3141">
    <groups>
    </groups>
    <test started-at="2025-02-15T16:50:11Z" name="TC_01_login" finished-at="2025-02-15T16:50:12Z" duration-ms="1041">
      <class name="loginTests.TC_01_login">
        <test-method is-config="true" signature="StartPage()[pri:0, instance:loginTests.TC_01_login@2449cff7]" started-at="2025-02-15T10:50:11Z" name="StartPage" finished-at="2025-02-15T10:50:12Z" duration-ms="498" status="PASS">
          <reporter-output>
          </reporter-output>
        </test-method> <!-- StartPage -->
        <test-method signature="LoginTest_01()[pri:0, instance:loginTests.TC_01_login@2449cff7]" started-at="2025-02-15T10:50:12Z" name="LoginTest_01" finished-at="2025-02-15T10:50:12Z" duration-ms="216" status="PASS">
          <reporter-output>
          </reporter-output>
        </test-method> <!-- LoginTest_01 -->
        <test-method is-config="true" signature="closeDriver()[pri:0, instance:loginTests.TC_01_login@2449cff7]" started-at="2025-02-15T10:50:12Z" name="closeDriver" finished-at="2025-02-15T10:50:12Z" duration-ms="315" status="PASS">
          <reporter-output>
          </reporter-output>
        </test-method> <!-- closeDriver -->
      </class> <!-- loginTests.TC_01_login -->
    </test> <!-- TC_01_login -->
    <test started-at="2025-02-15T16:50:12Z" name="TC_02_loginError" finished-at="2025-02-15T16:50:13Z" duration-ms="892">
      <class name="loginTests.TC_02_loginError">
        <test-method is-config="true" signature="StartPage()[pri:0, instance:loginTests.TC_02_loginError@4acf72b6]" started-at="2025-02-15T10:50:12Z" name="StartPage" finished-at="2025-02-15T10:50:13Z" duration-ms="476" status="PASS">
          <reporter-output>
          </reporter-output>
        </test-method> <!-- StartPage -->
        <test-method signature="LoginTest_02()[pri:0, instance:loginTests.TC_02_loginError@4acf72b6]" started-at="2025-02-15T10:50:13Z" name="LoginTest_02" finished-at="2025-02-15T10:50:13Z" duration-ms="210" status="PASS">
          <reporter-output>
          </reporter-output>
        </test-method> <!-- LoginTest_02 -->
        <test-method is-config="true" signature="closeDriver()[pri:0, instance:loginTests.TC_02_loginError@4acf72b6]" started-at="2025-02-15T10:50:13Z" name="closeDriver" finished-at="2025-02-15T10:50:13Z" duration-ms="203" status="PASS">
          <reporter-output>
          </reporter-output>
        </test-method> <!-- closeDriver -->
      </class> <!-- loginTests.TC_02_loginError -->
    </test> <!-- TC_02_loginError -->
    <test started-at="2025-02-15T16:50:13Z" name="TC_03_VerifyRemoveButton" finished-at="2025-02-15T16:50:14Z" duration-ms="1164">
      <class name="InventoryTests.TC_03_VerifyRemoveButton">
        <test-method is-config="true" signature="StartPage()[pri:0, instance:InventoryTests.TC_03_VerifyRemoveButton@71b1a49c]" started-at="2025-02-15T10:50:13Z" name="StartPage" finished-at="2025-02-15T10:50:14Z" duration-ms="587" status="PASS">
          <reporter-output>
          </reporter-output>
        </test-method> <!-- StartPage -->
        <test-method signature="InventoryTest_03()[pri:0, instance:InventoryTests.TC_03_VerifyRemoveButton@71b1a49c]" started-at="2025-02-15T10:50:14Z" name="InventoryTest_03" finished-at="2025-02-15T10:50:14Z" duration-ms="343" status="PASS">
          <reporter-output>
          </reporter-output>
        </test-method> <!-- InventoryTest_03 -->
        <test-method is-config="true" signature="closeDriver()[pri:0, instance:InventoryTests.TC_03_VerifyRemoveButton@71b1a49c]" started-at="2025-02-15T10:50:14Z" name="closeDriver" finished-at="2025-02-15T10:50:14Z" duration-ms="231" status="PASS">
          <reporter-output>
          </reporter-output>
        </test-method> <!-- closeDriver -->
      </class> <!-- InventoryTests.TC_03_VerifyRemoveButton -->
    </test> <!-- TC_03_VerifyRemoveButton -->
  </suite> <!-- RegressionAutomatedQA -->
</testng-results>
